#
# A fatal error has been detected by the Java Runtime Environment:
#
#  SIGSEGV (0xb) at pc=0x00000001131bbad2, pid=81603, tid=4867
#
# JRE version: Java(TM) SE Runtime Environment (7.0_67-b01) (build 1.7.0_67-b01)
# Java VM: Java HotSpot(TM) 64-Bit Server VM (24.65-b04 mixed mode bsd-amd64 compressed oops)
# Problematic frame:
# C  [libR.dylib+0xe0ad2]  GetNewPage+0x1a2
#
# Failed to write core dump. Core dumps have been disabled. To enable core dumping, try "ulimit -c unlimited" before starting Java again
#
# If you would like to submit a bug report, please visit:
#   http://bugreport.sun.com/bugreport/crash.jsp
# The crash happened outside the Java Virtual Machine in native code.
# See problematic frame for where to report the bug.
#

---------------  T H R E A D  ---------------

Current thread (0x00007feb25801000):  JavaThread "main" [_thread_in_native, id=4867, stack(0x00000001066c8000,0x00000001067c8000)]

siginfo:si_signo=SIGSEGV: si_errno=0, si_code=1 (SEGV_MAPERR), si_addr=0x0000000000000018

Registers:
RAX=0x000000011337de40, RBX=0x00007feb2483f408, RCX=0x000000011337dd08, RDX=0x0000000000000000
RSP=0x00000001067c7630, RBP=0x00000001067c7670, RSI=0x00000001065e7e00, RDI=0x0000000000000000
R8 =0x000000001fffffff, R9 =0x0000000000000022, R10=0x000000005fe68ebf, R11=0x000000005fe7505f
R12=0x0000000000000001, R13=0x0000000000000030, R14=0x0000000000000028, R15=0x0000000020000000
RIP=0x00000001131bbad2, EFLAGS=0x0000000000010202, ERR=0x0000000000000004
  TRAPNO=0x000000000000000e

Top of Stack: (sp=0x00000001067c7630)
0x00000001067c7630:   00000001067c7680 000000010741aaee
0x00000001067c7640:   00000001067c7680 0000000000000000
0x00000001067c7650:   0000000000000001 0000000000000001
0x00000001067c7660:   000000011337dd08 0000000000000001
0x00000001067c7670:   00000001067c76f0 00000001131bfb92
0x00000001067c7680:   00000001067c76f0 0000000107309127
0x00000001067c7690:   00000002000003d8 00007feb25801000
0x00000001067c76a0:   0000000000600000 0000000000000010
0x00000001067c76b0:   0000000000000001 00007feb258011e8
0x00000001067c76c0:   00007feb23f0e6d9 00007feb258011e8
0x00000001067c76d0:   0000000000000000 000000077b0a5148
0x00000001067c76e0:   00000001067c77f8 00007feb23f0e6a0
0x00000001067c76f0:   00000001067c7720 00000001130d1cbe
0x00000001067c7700:   000000077b0a5148 0000000000000000
0x00000001067c7710:   0000000000000001 00007feb25801000
0x00000001067c7720:   00000001067c7750 00000001130d08d6
0x00000001067c7730:   000000077b0a5148 00000001067c7800
0x00000001067c7740:   000000077b0a5148 00000001067c7800
0x00000001067c7750:   00000001067c77d0 0000000107aa2132
0x00000001067c7760:   00007feb00000000 00000001067c7858
0x00000001067c7770:   00000001067c77f0 00000001067c77f0
0x00000001067c7780:   0000000000000000 00000007d56d4a00
0x00000001067c7790:   00000001067c7780 000000077b0a5148
0x00000001067c77a0:   00000001067c7800 000000077b0aaff0
0x00000001067c77b0:   0000000000000000 000000077b0a5148
0x00000001067c77c0:   0000000000000000 00000001067c77f0
0x00000001067c77d0:   00000001067c7858 0000000107a95175
0x00000001067c77e0:   0000000000000000 0000000107a9dcd7
0x00000001067c77f0:   0000000000000001 00000007d56db828
0x00000001067c7800:   00000007d56d4a00 0000000000000000
0x00000001067c7810:   00000007d56d4a00 00000001067c7808
0x00000001067c7820:   000000077b0a8365 00000001067c78b8 

Instructions: (pc=0x00000001131bbad2)
0x00000001131bbab2:   50 01 00 00 41 c1 e7 1d 48 8d 4c 11 18 31 d2 41
0x00000001131bbac2:   b8 ff ff ff 1f 66 0f 1f 84 00 00 00 00 00 ff 00
0x00000001131bbad2:   48 8b 77 18 48 89 7b 10 48 89 5f 18 48 89 5e 10
0x00000001131bbae2:   48 89 73 18 8b 35 6c 20 1c 00 44 21 c6 44 09 fe 

Register to memory mapping:

RAX=0x000000011337de40: R_GenHeap+0x2b0 in /Library/Frameworks/R.framework/Versions/3.1/Resources/lib/libR.dylib at 0x00000001130db000
RBX=0x00007feb2483f408 is an unknown value
RCX=0x000000011337dd08: R_GenHeap+0x178 in /Library/Frameworks/R.framework/Versions/3.1/Resources/lib/libR.dylib at 0x00000001130db000
RDX=0x0000000000000000 is an unknown value
RSP=0x00000001067c7630 is pointing into the stack for thread: 0x00007feb25801000
RBP=0x00000001067c7670 is pointing into the stack for thread: 0x00007feb25801000
RSI=0x00000001065e7e00 is an unknown value
RDI=0x0000000000000000 is an unknown value
R8 =0x000000001fffffff is an unknown value
R9 =0x0000000000000022 is an unknown value
R10=0x000000005fe68ebf is an unknown value
R11=0x000000005fe7505f is an unknown value
R12=0x0000000000000001 is an unknown value
R13=0x0000000000000030 is an unknown value
R14=0x0000000000000028 is an unknown value
R15=0x0000000020000000 is an unknown value


Stack: [0x00000001066c8000,0x00000001067c8000],  sp=0x00000001067c7630,  free space=1021k
Native frames: (J=compiled Java code, j=interpreted, Vv=VM code, C=native code)
C  [libR.dylib+0xe0ad2]  GetNewPage+0x1a2
C  [libR.dylib+0xe4b92]  Rf_allocVector3+0x272
C  [libjri.jnilib+0x2cbe]  jri_getString+0x3e
C  [libjri.jnilib+0x18d6]  Java_org_rosuda_JRI_Rengine_rniParse+0x16
j  org.rosuda.JRI.Rengine.rniParse(Ljava/lang/String;I)J+0
j  org.rosuda.JRI.Rengine.eval(Ljava/lang/String;Z)Lorg/rosuda/JRI/REXP;+53
j  org.rosuda.JRI.Rengine.eval(Ljava/lang/String;)Lorg/rosuda/JRI/REXP;+3
j  TestREXP.getKMeansUniqueCallers()V+47
j  TestREXP.main([Ljava/lang/String;)V+9
v  ~StubRoutines::call_stub
V  [libjvm.dylib+0x2daef8]  JavaCalls::call_helper(JavaValue*, methodHandle*, JavaCallArguments*, Thread*)+0x22a
V  [libjvm.dylib+0x2dacc8]  JavaCalls::call(JavaValue*, methodHandle, JavaCallArguments*, Thread*)+0x28
V  [libjvm.dylib+0x30e542]  jni_invoke_static(JNIEnv_*, JavaValue*, _jobject*, JNICallType, _jmethodID*, JNI_ArgumentPusher*, Thread*)+0xe6
V  [libjvm.dylib+0x3076dd]  jni_CallStaticVoidMethod+0x10b
C  [java+0x30fe]  JavaMain+0x91d
C  [libsystem_pthread.dylib+0x3268]  _pthread_body+0x83
C  [libsystem_pthread.dylib+0x31e5]  _pthread_body+0x0
C  [libsystem_pthread.dylib+0x141d]  thread_start+0xd

Java frames: (J=compiled Java code, j=interpreted, Vv=VM code)
j  org.rosuda.JRI.Rengine.rniParse(Ljava/lang/String;I)J+0
j  org.rosuda.JRI.Rengine.eval(Ljava/lang/String;Z)Lorg/rosuda/JRI/REXP;+53
j  org.rosuda.JRI.Rengine.eval(Ljava/lang/String;)Lorg/rosuda/JRI/REXP;+3
j  TestREXP.getKMeansUniqueCallers()V+47
j  TestREXP.main([Ljava/lang/String;)V+9
v  ~StubRoutines::call_stub

---------------  P R O C E S S  ---------------

Java Threads: ( => current thread )
  0x00007feb2483e800 JavaThread "Thread-0" [_thread_blocked, id=18691, stack(0x00000001136c8000,0x00000001137c8000)]
  0x00007feb2480d000 JavaThread "Service Thread" daemon [_thread_blocked, id=17667, stack(0x0000000112e38000,0x0000000112f38000)]
  0x00007feb24805800 JavaThread "C2 CompilerThread1" daemon [_thread_blocked, id=17155, stack(0x0000000112d35000,0x0000000112e35000)]
  0x00007feb2480b800 JavaThread "C2 CompilerThread0" daemon [_thread_blocked, id=16643, stack(0x0000000112c32000,0x0000000112d32000)]
  0x00007feb2480b000 JavaThread "Signal Dispatcher" daemon [_thread_blocked, id=13335, stack(0x0000000112b2f000,0x0000000112c2f000)]
  0x00007feb24034000 JavaThread "Finalizer" daemon [_thread_blocked, id=11523, stack(0x00000001111fa000,0x00000001112fa000)]
  0x00007feb24033800 JavaThread "Reference Handler" daemon [_thread_blocked, id=11011, stack(0x00000001110f7000,0x00000001111f7000)]
=>0x00007feb25801000 JavaThread "main" [_thread_in_native, id=4867, stack(0x00000001066c8000,0x00000001067c8000)]

Other Threads:
  0x00007feb24031000 VMThread [stack: 0x0000000110ff4000,0x00000001110f4000] [id=10499]
  0x00007feb2481e000 WatcherThread [stack: 0x0000000112f3b000,0x000000011303b000] [id=18179]

VM state:not at safepoint (normal execution)

VM Mutex/Monitor currently owned by a thread: None

Heap
 PSYoungGen      total 38912K, used 2719K [0x00000007d5500000, 0x00000007d8000000, 0x0000000800000000)
  eden space 33792K, 8% used [0x00000007d5500000,0x00000007d57a7eb0,0x00000007d7600000)
  from space 5120K, 0% used [0x00000007d7b00000,0x00000007d7b00000,0x00000007d8000000)
  to   space 5120K, 0% used [0x00000007d7600000,0x00000007d7600000,0x00000007d7b00000)
 ParOldGen       total 87040K, used 0K [0x0000000780000000, 0x0000000785500000, 0x00000007d5500000)
  object space 87040K, 0% used [0x0000000780000000,0x0000000780000000,0x0000000785500000)
 PSPermGen       total 21504K, used 2742K [0x000000077ae00000, 0x000000077c300000, 0x0000000780000000)
  object space 21504K, 12% used [0x000000077ae00000,0x000000077b0ad980,0x000000077c300000)

Card table byte_map: [0x000000010ab4f000,0x000000010af79000] byte_map_base: 0x0000000106f78000

Polling page: 0x00000001067d7000

Code Cache  [0x0000000107a8f000, 0x0000000107cff000, 0x000000010aa8f000)
 total_blobs=191 nmethods=8 adapters=138 free_code_cache=48751Kb largest_free_block=49892608

Compilation events (10 events):
Event: 0.094 Thread 0x00007feb24805800    4             java.lang.String::charAt (29 bytes)
Event: 0.095 Thread 0x00007feb24805800 nmethod 4 0x0000000107aee4d0 code [0x0000000107aee620, 0x0000000107aee6d8]
Event: 0.095 Thread 0x00007feb2480b800    5             java.lang.String::equals (81 bytes)
Event: 0.099 Thread 0x00007feb2480b800 nmethod 5 0x0000000107af26d0 code [0x0000000107af2820, 0x0000000107af2a98]
Event: 0.099 Thread 0x00007feb24805800    6   !         java.io.BufferedReader::readLine (304 bytes)
Event: 0.099 Thread 0x00007feb2480b800    7             sun.nio.cs.UTF_8$Decoder::decodeArrayLoop (543 bytes)
Event: 0.107 Thread 0x00007feb24805800 nmethod 6 0x0000000107aefd10 code [0x0000000107aefea0, 0x0000000107af0798]
Event: 0.108 Thread 0x00007feb24805800    8             java.io.UnixFileSystem::normalize (75 bytes)
Event: 0.113 Thread 0x00007feb24805800 nmethod 8 0x0000000107af4690 code [0x0000000107af4800, 0x0000000107af4a58]
Event: 0.118 Thread 0x00007feb2480b800 nmethod 7 0x0000000107af8850 code [0x0000000107af8ae0, 0x0000000107af9670]

GC Heap History (0 events):
No events

Deoptimization events (0 events):
No events

Internal exceptions (10 events):
Event: 0.083 Thread 0x00007feb25801000 Threw 0x00000007d55a1490 at /HUDSON/workspace/7u-2-build-macosx-x86_64/jdk7u67/1368/hotspot/src/share/vm/prims/jvm.cpp:1244
Event: 0.085 Thread 0x00007feb25801000 Threw 0x00000007d55a2130 at /HUDSON/workspace/7u-2-build-macosx-x86_64/jdk7u67/1368/hotspot/src/share/vm/prims/jni.cpp:717
Event: 0.085 Thread 0x00007feb25801000 Threw 0x00000007d55a2250 at /HUDSON/workspace/7u-2-build-macosx-x86_64/jdk7u67/1368/hotspot/src/share/vm/prims/jvm.cpp:1244
Event: 0.085 Thread 0x00007feb25801000 Threw 0x00000007d55a2378 at /HUDSON/workspace/7u-2-build-macosx-x86_64/jdk7u67/1368/hotspot/src/share/vm/prims/jvm.cpp:1244
Event: 0.087 Thread 0x00007feb25801000 Threw 0x00000007d565ee30 at /HUDSON/workspace/7u-2-build-macosx-x86_64/jdk7u67/1368/hotspot/src/share/vm/prims/jni.cpp:717
Event: 0.088 Thread 0x00007feb25801000 Threw 0x00000007d565ef50 at /HUDSON/workspace/7u-2-build-macosx-x86_64/jdk7u67/1368/hotspot/src/share/vm/prims/jvm.cpp:1244
Event: 0.088 Thread 0x00007feb25801000 Threw 0x00000007d565f078 at /HUDSON/workspace/7u-2-build-macosx-x86_64/jdk7u67/1368/hotspot/src/share/vm/prims/jvm.cpp:1244
Event: 0.088 Thread 0x00007feb25801000 Threw 0x00000007d565f2c8 at /HUDSON/workspace/7u-2-build-macosx-x86_64/jdk7u67/1368/hotspot/src/share/vm/prims/jvm.cpp:1244
Event: 0.090 Thread 0x00007feb25801000 Threw 0x00000007d5665708 at /HUDSON/workspace/7u-2-build-macosx-x86_64/jdk7u67/1368/hotspot/src/share/vm/prims/jvm.cpp:1244
Event: 0.127 Thread 0x00007feb25801000 Threw 0x00000007d56d5ce8 at /HUDSON/workspace/7u-2-build-macosx-x86_64/jdk7u67/1368/hotspot/src/share/vm/prims/jvm.cpp:1244

Events (10 events):
Event: 0.105 loading class 0x000000010fd71d20 done
Event: 0.107 loading class 0x000000010fd65040
Event: 0.108 loading class 0x000000010fd65040 done
Event: 0.108 loading class 0x000000010fd655b0
Event: 0.108 loading class 0x000000010fd655b0 done
Event: 0.108 loading class 0x000000010fd72890
Event: 0.108 loading class 0x000000010fd72890 done
Event: 0.127 loading class 0x00007feb23e0bde0
Event: 0.127 loading class 0x00007feb23e0bde0 done
Event: 0.128 Thread 0x00007feb2483e800 Thread added: 0x00007feb2483e800


Dynamic libraries:
0x000000000515c000 	/System/Library/Frameworks/Cocoa.framework/Versions/A/Cocoa
0x000000000515c000 	/System/Library/Frameworks/Security.framework/Versions/A/Security
0x000000000515c000 	/System/Library/Frameworks/ApplicationServices.framework/Versions/A/ApplicationServices
0x000000000515c000 	/usr/lib/libz.1.dylib
0x000000000515c000 	/usr/lib/libSystem.B.dylib
0x000000000515c000 	/usr/lib/libobjc.A.dylib
0x000000000515c000 	/System/Library/Frameworks/CoreFoundation.framework/Versions/A/CoreFoundation
0x000000000515c000 	/System/Library/Frameworks/Foundation.framework/Versions/C/Foundation
0x000000000515c000 	/System/Library/Frameworks/AppKit.framework/Versions/C/AppKit
0x000000000515c000 	/System/Library/Frameworks/CoreData.framework/Versions/A/CoreData
0x000000000515c000 	/System/Library/PrivateFrameworks/RemoteViewServices.framework/Versions/A/RemoteViewServices
0x000000000515c000 	/System/Library/PrivateFrameworks/UIFoundation.framework/Versions/A/UIFoundation
0x000000000515c000 	/System/Library/Frameworks/IOSurface.framework/Versions/A/IOSurface
0x000000000515c000 	/System/Library/Frameworks/AudioToolbox.framework/Versions/A/AudioToolbox
0x000000000515c000 	/System/Library/Frameworks/AudioUnit.framework/Versions/A/AudioUnit
0x000000000515c000 	/System/Library/PrivateFrameworks/DataDetectorsCore.framework/Versions/A/DataDetectorsCore
0x000000000515c000 	/System/Library/PrivateFrameworks/DesktopServicesPriv.framework/Versions/A/DesktopServicesPriv
0x000000000515c000 	/System/Library/Frameworks/Carbon.framework/Versions/A/Frameworks/HIToolbox.framework/Versions/A/HIToolbox
0x000000000515c000 	/System/Library/Frameworks/QuartzCore.framework/Versions/A/QuartzCore
0x000000000515c000 	/System/Library/Frameworks/Carbon.framework/Versions/A/Frameworks/SpeechRecognition.framework/Versions/A/SpeechRecognition
0x000000000515c000 	/usr/lib/libauto.dylib
0x000000000515c000 	/usr/lib/libicucore.A.dylib
0x000000000515c000 	/usr/lib/libxml2.2.dylib
0x000000000515c000 	/System/Library/PrivateFrameworks/CoreUI.framework/Versions/A/CoreUI
0x000000000515c000 	/System/Library/Frameworks/CoreAudio.framework/Versions/A/CoreAudio
0x000000000515c000 	/System/Library/Frameworks/DiskArbitration.framework/Versions/A/DiskArbitration
0x000000000515c000 	/usr/lib/liblangid.dylib
0x000000000515c000 	/System/Library/PrivateFrameworks/MultitouchSupport.framework/Versions/A/MultitouchSupport
0x000000000515c000 	/System/Library/Frameworks/IOKit.framework/Versions/A/IOKit
0x000000000515c000 	/usr/lib/libDiagnosticMessagesClient.dylib
0x000000000515c000 	/System/Library/Frameworks/CoreServices.framework/Versions/A/CoreServices
0x000000000515c000 	/System/Library/PrivateFrameworks/PerformanceAnalysis.framework/Versions/A/PerformanceAnalysis
0x000000000515c000 	/System/Library/PrivateFrameworks/GenerationalStorage.framework/Versions/A/GenerationalStorage
0x000000000515c000 	/System/Library/Frameworks/OpenGL.framework/Versions/A/OpenGL
0x000000000515c000 	/System/Library/PrivateFrameworks/Sharing.framework/Versions/A/Sharing
0x000000000515c000 	/System/Library/Frameworks/CoreGraphics.framework/Versions/A/CoreGraphics
0x000000000515c000 	/System/Library/Frameworks/CoreText.framework/Versions/A/CoreText
0x000000000515c000 	/System/Library/Frameworks/ImageIO.framework/Versions/A/ImageIO
0x000000000515c000 	/usr/lib/libextension.dylib
0x000000000515c000 	/System/Library/PrivateFrameworks/Backup.framework/Versions/A/Backup
0x000000000515c000 	/usr/lib/libarchive.2.dylib
0x000000000515c000 	/System/Library/Frameworks/CFNetwork.framework/Versions/A/CFNetwork
0x000000000515c000 	/System/Library/Frameworks/SystemConfiguration.framework/Versions/A/SystemConfiguration
0x000000000515c000 	/usr/lib/libCRFSuite.dylib
0x000000000515c000 	/usr/lib/libc++.1.dylib
0x000000000515c000 	/usr/lib/libc++abi.dylib
0x000000000515c000 	/usr/lib/system/libcache.dylib
0x000000000515c000 	/usr/lib/system/libcommonCrypto.dylib
0x000000000515c000 	/usr/lib/system/libcompiler_rt.dylib
0x000000000515c000 	/usr/lib/system/libcopyfile.dylib
0x000000000515c000 	/usr/lib/system/libcorecrypto.dylib
0x000000000515c000 	/usr/lib/system/libdispatch.dylib
0x000000000515c000 	/usr/lib/system/libdyld.dylib
0x000000000515c000 	/usr/lib/system/libkeymgr.dylib
0x000000000515c000 	/usr/lib/system/liblaunch.dylib
0x000000000515c000 	/usr/lib/system/libmacho.dylib
0x000000000515c000 	/usr/lib/system/libquarantine.dylib
0x000000000515c000 	/usr/lib/system/libremovefile.dylib
0x000000000515c000 	/usr/lib/system/libsystem_asl.dylib
0x000000000515c000 	/usr/lib/system/libsystem_blocks.dylib
0x000000000515c000 	/usr/lib/system/libsystem_c.dylib
0x000000000515c000 	/usr/lib/system/libsystem_configuration.dylib
0x000000000515c000 	/usr/lib/system/libsystem_coreservices.dylib
0x000000000515c000 	/usr/lib/system/libsystem_coretls.dylib
0x000000000515c000 	/usr/lib/system/libsystem_dnssd.dylib
0x000000000515c000 	/usr/lib/system/libsystem_info.dylib
0x000000000515c000 	/usr/lib/system/libsystem_kernel.dylib
0x000000000515c000 	/usr/lib/system/libsystem_m.dylib
0x000000000515c000 	/usr/lib/system/libsystem_malloc.dylib
0x000000000515c000 	/usr/lib/system/libsystem_network.dylib
0x000000000515c000 	/usr/lib/system/libsystem_networkextension.dylib
0x000000000515c000 	/usr/lib/system/libsystem_notify.dylib
0x000000000515c000 	/usr/lib/system/libsystem_platform.dylib
0x000000000515c000 	/usr/lib/system/libsystem_pthread.dylib
0x000000000515c000 	/usr/lib/system/libsystem_sandbox.dylib
0x000000000515c000 	/usr/lib/system/libsystem_secinit.dylib
0x000000000515c000 	/usr/lib/system/libsystem_stats.dylib
0x000000000515c000 	/usr/lib/system/libsystem_trace.dylib
0x000000000515c000 	/usr/lib/system/libunc.dylib
0x000000000515c000 	/usr/lib/system/libunwind.dylib
0x000000000515c000 	/usr/lib/system/libxpc.dylib
0x000000000515c000 	/usr/lib/libbz2.1.0.dylib
0x000000000515c000 	/usr/lib/liblzma.5.dylib
0x000000000515c000 	/usr/lib/libbsm.0.dylib
0x000000000515c000 	/usr/lib/libsqlite3.dylib
0x000000000515c000 	/usr/lib/system/libkxld.dylib
0x000000000515c000 	/usr/lib/libxar.1.dylib
0x000000000515c000 	/usr/lib/libpam.2.dylib
0x000000000515c000 	/usr/lib/libOpenScriptingUtil.dylib
0x000000000515c000 	/System/Library/Frameworks/CoreServices.framework/Versions/A/Frameworks/FSEvents.framework/Versions/A/FSEvents
0x000000000515c000 	/System/Library/Frameworks/CoreServices.framework/Versions/A/Frameworks/CarbonCore.framework/Versions/A/CarbonCore
0x000000000515c000 	/System/Library/Frameworks/CoreServices.framework/Versions/A/Frameworks/Metadata.framework/Versions/A/Metadata
0x000000000515c000 	/System/Library/Frameworks/CoreServices.framework/Versions/A/Frameworks/OSServices.framework/Versions/A/OSServices
0x000000000515c000 	/System/Library/Frameworks/CoreServices.framework/Versions/A/Frameworks/SearchKit.framework/Versions/A/SearchKit
0x000000000515c000 	/System/Library/Frameworks/CoreServices.framework/Versions/A/Frameworks/AE.framework/Versions/A/AE
0x000000000515c000 	/System/Library/Frameworks/CoreServices.framework/Versions/A/Frameworks/LaunchServices.framework/Versions/A/LaunchServices
0x000000000515c000 	/System/Library/Frameworks/CoreServices.framework/Versions/A/Frameworks/DictionaryServices.framework/Versions/A/DictionaryServices
0x000000000515c000 	/System/Library/Frameworks/NetFS.framework/Versions/A/NetFS
0x000000000515c000 	/System/Library/PrivateFrameworks/NetAuth.framework/Versions/A/NetAuth
0x000000000515c000 	/System/Library/PrivateFrameworks/login.framework/Versions/A/Frameworks/loginsupport.framework/Versions/A/loginsupport
0x000000000515c000 	/System/Library/PrivateFrameworks/TCC.framework/Versions/A/TCC
0x000000000515c000 	/usr/lib/libmecabra.dylib
0x000000000515c000 	/System/Library/Frameworks/ApplicationServices.framework/Versions/A/Frameworks/ATS.framework/Versions/A/ATS
0x000000000515c000 	/System/Library/Frameworks/ApplicationServices.framework/Versions/A/Frameworks/ColorSync.framework/Versions/A/ColorSync
0x000000000515c000 	/System/Library/Frameworks/ApplicationServices.framework/Versions/A/Frameworks/HIServices.framework/Versions/A/HIServices
0x000000000515c000 	/System/Library/Frameworks/ApplicationServices.framework/Versions/A/Frameworks/LangAnalysis.framework/Versions/A/LangAnalysis
0x000000000515c000 	/System/Library/Frameworks/ApplicationServices.framework/Versions/A/Frameworks/PrintCore.framework/Versions/A/PrintCore
0x000000000515c000 	/System/Library/Frameworks/ApplicationServices.framework/Versions/A/Frameworks/QD.framework/Versions/A/QD
0x000000000515c000 	/System/Library/Frameworks/ApplicationServices.framework/Versions/A/Frameworks/SpeechSynthesis.framework/Versions/A/SpeechSynthesis
0x000000000515c000 	/System/Library/Frameworks/Accelerate.framework/Versions/A/Accelerate
0x000000000515c000 	/System/Library/Frameworks/Accelerate.framework/Versions/A/Frameworks/vImage.framework/Versions/A/vImage
0x000000000515c000 	/System/Library/Frameworks/Accelerate.framework/Versions/A/Frameworks/vecLib.framework/Versions/A/vecLib
0x000000000515c000 	/System/Library/Frameworks/Accelerate.framework/Versions/A/Frameworks/vecLib.framework/Versions/A/libvDSP.dylib
0x000000000515c000 	/System/Library/Frameworks/Accelerate.framework/Versions/A/Frameworks/vecLib.framework/Versions/A/libvMisc.dylib
0x000000000515c000 	/System/Library/Frameworks/Accelerate.framework/Versions/A/Frameworks/vecLib.framework/Versions/A/libLAPACK.dylib
0x000000000515c000 	/System/Library/Frameworks/Accelerate.framework/Versions/A/Frameworks/vecLib.framework/Versions/A/libBLAS.dylib
0x000000000515c000 	/System/Library/Frameworks/Accelerate.framework/Versions/A/Frameworks/vecLib.framework/Versions/A/libLinearAlgebra.dylib
0x000000000515c000 	/System/Library/Frameworks/ApplicationServices.framework/Versions/A/Frameworks/ATS.framework/Versions/A/Resources/libFontParser.dylib
0x000000000515c000 	/System/Library/Frameworks/ApplicationServices.framework/Versions/A/Frameworks/ATS.framework/Versions/A/Resources/libFontRegistry.dylib
0x000000000515c000 	/System/Library/PrivateFrameworks/AppleVPA.framework/Versions/A/AppleVPA
0x000000000515c000 	/System/Library/PrivateFrameworks/AppleJPEG.framework/Versions/A/AppleJPEG
0x000000000515c000 	/System/Library/Frameworks/ImageIO.framework/Versions/A/Resources/libJPEG.dylib
0x000000000515c000 	/System/Library/Frameworks/ImageIO.framework/Versions/A/Resources/libTIFF.dylib
0x000000000515c000 	/System/Library/Frameworks/ImageIO.framework/Versions/A/Resources/libPng.dylib
0x000000000515c000 	/System/Library/Frameworks/ImageIO.framework/Versions/A/Resources/libGIF.dylib
0x000000000515c000 	/System/Library/Frameworks/ImageIO.framework/Versions/A/Resources/libJP2.dylib
0x000000000515c000 	/System/Library/Frameworks/ImageIO.framework/Versions/A/Resources/libRadiance.dylib
0x000000000515c000 	/System/Library/Frameworks/CoreVideo.framework/Versions/A/CoreVideo
0x000000000515c000 	/System/Library/Frameworks/OpenGL.framework/Versions/A/Libraries/libGLU.dylib
0x000000000515c000 	/System/Library/Frameworks/OpenGL.framework/Versions/A/Libraries/libGFXShared.dylib
0x000000000515c000 	/System/Library/Frameworks/OpenGL.framework/Versions/A/Libraries/libGL.dylib
0x000000000515c000 	/System/Library/Frameworks/OpenGL.framework/Versions/A/Libraries/libGLImage.dylib
0x000000000515c000 	/System/Library/Frameworks/OpenGL.framework/Versions/A/Libraries/libCVMSPluginSupport.dylib
0x000000000515c000 	/System/Library/Frameworks/OpenGL.framework/Versions/A/Libraries/libCoreVMClient.dylib
0x000000000515c000 	/usr/lib/libcups.2.dylib
0x000000000515c000 	/System/Library/Frameworks/Kerberos.framework/Versions/A/Kerberos
0x000000000515c000 	/System/Library/Frameworks/GSS.framework/Versions/A/GSS
0x000000000515c000 	/usr/lib/libresolv.9.dylib
0x000000000515c000 	/usr/lib/libiconv.2.dylib
0x000000000515c000 	/System/Library/PrivateFrameworks/Heimdal.framework/Versions/A/Heimdal
0x000000000515c000 	/usr/lib/libheimdal-asn1.dylib
0x000000000515c000 	/System/Library/Frameworks/OpenDirectory.framework/Versions/A/OpenDirectory
0x000000000515c000 	/System/Library/PrivateFrameworks/CommonAuth.framework/Versions/A/CommonAuth
0x000000000515c000 	/System/Library/Frameworks/OpenDirectory.framework/Versions/A/Frameworks/CFOpenDirectory.framework/Versions/A/CFOpenDirectory
0x000000000515c000 	/System/Library/Frameworks/SecurityFoundation.framework/Versions/A/SecurityFoundation
0x000000000515c000 	/System/Library/PrivateFrameworks/LanguageModeling.framework/Versions/A/LanguageModeling
0x000000000515c000 	/usr/lib/libcmph.dylib
0x000000000515c000 	/System/Library/Frameworks/ServiceManagement.framework/Versions/A/ServiceManagement
0x000000000515c000 	/usr/lib/libxslt.1.dylib
0x000000000515c000 	/System/Library/Frameworks/Carbon.framework/Versions/A/Frameworks/Ink.framework/Versions/A/Ink
0x000000000515c000 	/System/Library/Frameworks/QuartzCore.framework/Versions/A/Frameworks/CoreImage.framework/Versions/A/CoreImage
0x000000000515c000 	/System/Library/PrivateFrameworks/CrashReporterSupport.framework/Versions/A/CrashReporterSupport
0x000000000515c000 	/System/Library/Frameworks/OpenCL.framework/Versions/A/OpenCL
0x000000000515c000 	/System/Library/PrivateFrameworks/FaceCore.framework/Versions/A/FaceCore
0x000000000515c000 	/System/Library/PrivateFrameworks/Ubiquity.framework/Versions/A/Ubiquity
0x000000000515c000 	/System/Library/PrivateFrameworks/IconServices.framework/Versions/A/IconServices
0x000000000515c000 	/System/Library/PrivateFrameworks/ChunkingLibrary.framework/Versions/A/ChunkingLibrary
0x000000000515c000 	/System/Library/PrivateFrameworks/Apple80211.framework/Versions/A/Apple80211
0x000000000515c000 	/System/Library/Frameworks/CoreWLAN.framework/Versions/A/CoreWLAN
0x000000000515c000 	/System/Library/Frameworks/IOBluetooth.framework/Versions/A/IOBluetooth
0x000000000515c000 	/System/Library/PrivateFrameworks/CoreWiFi.framework/Versions/A/CoreWiFi
0x000000000515c000 	/System/Library/Frameworks/CoreBluetooth.framework/Versions/A/CoreBluetooth
0x000000000515c000 	/System/Library/PrivateFrameworks/DebugSymbols.framework/Versions/A/DebugSymbols
0x000000000515c000 	/System/Library/PrivateFrameworks/CoreSymbolication.framework/Versions/A/CoreSymbolication
0x000000000515c000 	/System/Library/PrivateFrameworks/Symbolication.framework/Versions/A/Symbolication
0x000000000515c000 	/System/Library/PrivateFrameworks/SpeechRecognitionCore.framework/Versions/A/SpeechRecognitionCore
0x0000000107000000 	/Library/Java/JavaVirtualMachines/jdk1.7.0_67.jdk/Contents/Home/jre/lib/server/libjvm.dylib
0x000000000515c000 	/usr/lib/libstdc++.6.dylib
0x00000001067ca000 	/Library/Java/JavaVirtualMachines/jdk1.7.0_67.jdk/Contents/Home/jre/lib/libverify.dylib
0x0000000107a5f000 	/Library/Java/JavaVirtualMachines/jdk1.7.0_67.jdk/Contents/Home/jre/lib/libjava.dylib
0x00000001067e1000 	/Library/Java/JavaVirtualMachines/jdk1.7.0_67.jdk/Contents/Home/jre/lib/libzip.dylib
0x00000001112fc000 	/System/Library/Frameworks/JavaVM.framework/Frameworks/JavaRuntimeSupport.framework/JavaRuntimeSupport
0x00000001067eb000 	/System/Library/Frameworks/JavaVM.framework/Versions/A/Frameworks/JavaNativeFoundation.framework/Versions/A/JavaNativeFoundation
0x0000000111314000 	/System/Library/Frameworks/JavaVM.framework/Versions/A/JavaVM
0x000000000515c000 	/System/Library/Frameworks/Carbon.framework/Versions/A/Carbon
0x0000000111321000 	/System/Library/PrivateFrameworks/JavaLaunching.framework/Versions/A/JavaLaunching
0x000000000515c000 	/System/Library/Frameworks/Carbon.framework/Versions/A/Frameworks/CommonPanels.framework/Versions/A/CommonPanels
0x000000000515c000 	/System/Library/Frameworks/Carbon.framework/Versions/A/Frameworks/Help.framework/Versions/A/Help
0x000000000515c000 	/System/Library/Frameworks/Carbon.framework/Versions/A/Frameworks/ImageCapture.framework/Versions/A/ImageCapture
0x000000000515c000 	/System/Library/Frameworks/Carbon.framework/Versions/A/Frameworks/OpenScripting.framework/Versions/A/OpenScripting
0x000000000515c000 	/System/Library/Frameworks/Carbon.framework/Versions/A/Frameworks/Print.framework/Versions/A/Print
0x000000000515c000 	/System/Library/Frameworks/Carbon.framework/Versions/A/Frameworks/SecurityHI.framework/Versions/A/SecurityHI
0x00000001130cf000 	/Library/Frameworks/R.framework/Versions/3.1/Resources/library/rJava/jri/libjri.jnilib
0x00000001130db000 	/Library/Frameworks/R.framework/Versions/3.1/Resources/lib/libR.dylib
0x000000011348e000 	/Library/Frameworks/R.framework/Versions/3.1/Resources/lib/libRblas.dylib
0x00000001134be000 	/Library/Frameworks/R.framework/Versions/3.1/Resources/lib/libgfortran.3.dylib
0x0000000113629000 	/Library/Frameworks/R.framework/Versions/3.1/Resources/lib/libquadmath.0.dylib
0x000000011366a000 	/Library/Frameworks/R.framework/Versions/3.1/Resources/lib/libreadline.5.2.dylib
0x00000001136a8000 	/Library/Frameworks/R.framework/Versions/3.1/Resources/lib/libgcc_s_x86_64.1.dylib
0x000000000515c000 	/usr/lib/libncurses.5.4.dylib

VM Arguments:
jvm_args: -Djava.library.path=/Library/Frameworks/R.framework/Resources/library/rJava/jri/ -Dfile.encoding=UTF-8 
java_command: TestREXP
Launcher Type: SUN_STANDARD

Environment Variables:
PATH=/usr/bin:/bin:/usr/sbin:/sbin
SHELL=/bin/bash
DISPLAY=/private/tmp/com.apple.launchd.a2ens3QsiB/org.macosforge.xquartz:0

Signal Handlers:
SIGSEGV: [libjvm.dylib+0x52b6c9], sa_mask[0]=0xfffefeff, sa_flags=0x00000043
SIGBUS: [libjvm.dylib+0x52b6c9], sa_mask[0]=0xfffefeff, sa_flags=0x00000042
SIGFPE: [libjvm.dylib+0x41deaa], sa_mask[0]=0xfffefeff, sa_flags=0x00000042
SIGPIPE: [libjvm.dylib+0x41deaa], sa_mask[0]=0xfffefeff, sa_flags=0x00000042
SIGXFSZ: [libjvm.dylib+0x41deaa], sa_mask[0]=0xfffefeff, sa_flags=0x00000042
SIGILL: [libjvm.dylib+0x41deaa], sa_mask[0]=0xfffefeff, sa_flags=0x00000042
SIGUSR1: SIG_DFL, sa_mask[0]=0x00000000, sa_flags=0x00000000
SIGUSR2: [libjvm.dylib+0x41d99c], sa_mask[0]=0x00000004, sa_flags=0x00000042
SIGHUP: [libjvm.dylib+0x41bc2d], sa_mask[0]=0xfffefeff, sa_flags=0x00000042
SIGINT: [libjvm.dylib+0x41bc2d], sa_mask[0]=0xfffefeff, sa_flags=0x00000042
SIGTERM: [libjvm.dylib+0x41bc2d], sa_mask[0]=0xfffefeff, sa_flags=0x00000042
SIGQUIT: [libjvm.dylib+0x41bc2d], sa_mask[0]=0xfffefeff, sa_flags=0x00000042


---------------  S Y S T E M  ---------------

OS:Bsduname:Darwin 14.1.0 Darwin Kernel Version 14.1.0: Mon Dec 22 23:10:38 PST 2014; root:xnu-2782.10.72~2/RELEASE_X86_64 x86_64
rlimit: STACK 8192k, CORE 0k, NPROC 709, NOFILE 10240, AS infinity
load average:1.84 1.94 2.10

CPU:total 4 (2 cores per cpu, 2 threads per core) family 6 model 69 stepping 1, cmov, cx8, fxsr, mmx, sse, sse2, sse3, ssse3, sse4.1, sse4.2, popcnt, avx, avx2, aes, erms, ht, tsc, tscinvbit

Memory: 4k page, physical 8388608k(2097152k free)

/proc/meminfo:


vm_info: Java HotSpot(TM) 64-Bit Server VM (24.65-b04) for bsd-amd64 JRE (1.7.0_67-b01), built on Jul 25 2014 08:51:51 by "java_re" with gcc 4.2.1 (Based on Apple Inc. build 5658) (LLVM build 2336.11.00)

time: Sun Apr 26 13:39:16 2015
elapsed time: 0 seconds

